<?xml version="1.0" encoding="UTF-8"?>
<!-- Generated by org.testng.reporters.JUnitReportReporter -->
<testsuite hostname="G8PSMC2" name="com.taochejian.util.TestCar" tests="1" failures="0" timestamp="28 Feb 2019 09:27:55 GMT" time="139.181" errors="0">
  <testcase name="pushTencen" time="139.181" classname="com.taochejian.util.TestCar"/>
</testsuite> <!-- com.taochejian.util.TestCar -->
