<?xml version="1.0" encoding="UTF-8"?>
<!-- Generated by org.testng.reporters.JUnitReportReporter -->
<testsuite hostname="G8PSMC2" name="com.taochejian.util.TestCar" tests="1" failures="0" timestamp="19 Apr 2019 03:28:26 GMT" time="164.047" errors="0">
  <testcase name="pushTencen" time="164.047" classname="com.taochejian.util.TestCar"/>
</testsuite> <!-- com.taochejian.util.TestCar -->
