<?xml version="1.0" encoding="UTF-8"?>
<!-- Generated by org.testng.reporters.JUnitReportReporter -->
<testsuite hostname="G8PSMC2" name="com.taochejian.util.TestCar" tests="1" failures="0" timestamp="16 Jan 2019 12:08:00 GMT" time="128.105" errors="0">
  <testcase name="pushTencen" time="128.105" classname="com.taochejian.util.TestCar"/>
</testsuite> <!-- com.taochejian.util.TestCar -->
