<?xml version="1.0" encoding="UTF-8"?>
<!-- Generated by org.testng.reporters.JUnitReportReporter -->
<testsuite hostname="G8PSMC2" name="com.taochejian.util.TestCar" tests="1" failures="0" timestamp="11 Apr 2019 10:11:06 GMT" time="160.470" errors="0">
  <testcase name="pushTencen" time="160.470" classname="com.taochejian.util.TestCar"/>
</testsuite> <!-- com.taochejian.util.TestCar -->
