<?xml version="1.0" encoding="UTF-8"?>
<!-- Generated by org.testng.reporters.JUnitReportReporter -->
<testsuite hostname="G8PSMC2" name="com.taochejian.util.Mail163" tests="1" failures="0" timestamp="18 Mar 2019 03:00:26 GMT" time="0.283" errors="0">
  <testcase name="main" time="0.283" classname="com.taochejian.util.Mail163"/>
</testsuite> <!-- com.taochejian.util.Mail163 -->
