<?xml version="1.0" encoding="UTF-8"?>
<!-- Generated by org.testng.reporters.JUnitReportReporter -->
<testsuite hostname="G8PSMC2" name="com.taochejian.util.TestCar" tests="1" failures="0" timestamp="16 Apr 2019 09:10:53 GMT" time="162.134" errors="0">
  <testcase name="pushTencen" time="162.134" classname="com.taochejian.util.TestCar"/>
</testsuite> <!-- com.taochejian.util.TestCar -->
