<?xml version="1.0" encoding="UTF-8"?>
<!-- Generated by org.testng.reporters.JUnitReportReporter -->
<testsuite hostname="G8PSMC2" name="com.taochejian.util.Mail" tests="1" failures="0" timestamp="12 Mar 2019 12:13:38 GMT" time="0.508" errors="0">
  <testcase name="test" time="0.508" classname="com.taochejian.util.Mail"/>
</testsuite> <!-- com.taochejian.util.Mail -->
